FireApp Android App - V2.1.1/app/build/intermediates/manifest_merge_blame_file/debug/manifest-merger-blame-debug-report.txt
1<?xml version="1.0" encoding="utf-8"?>
2<manifest xmlns:android="http://schemas.android.com/apk/res/android"
3    package="com.devlomi.fireapp"
4    android:versionCode="31"
5    android:versionName="2.1.1" >
6
7    <uses-sdk
8        android:minSdkVersion="21"
8-->src/main/AndroidManifest.xml
9        android:targetSdkVersion="30" />
9-->src/main/AndroidManifest.xml
10    <!-- PERMISSIONS -->
11    <uses-permission android:name="android.permission.INTERNET" />
11-->src/main/AndroidManifest.xml:6:5-67
11-->src/main/AndroidManifest.xml:6:22-64
12    <uses-permission android:name="android.permission.ACCESS_NETWORK_STATE" />
12-->src/main/AndroidManifest.xml:7:5-79
12-->src/main/AndroidManifest.xml:7:22-76
13    <uses-permission android:name="android.permission.ACCESS_WIFI_STATE" />
13-->src/main/AndroidManifest.xml:8:5-76
13-->src/main/AndroidManifest.xml:8:22-73
14    <uses-permission android:name="android.permission.READ_CONTACTS" />
14-->src/main/AndroidManifest.xml:9:5-72
14-->src/main/AndroidManifest.xml:9:22-69
15    <uses-permission android:name="android.permission.READ_EXTERNAL_STORAGE" />
15-->src/main/AndroidManifest.xml:10:5-80
15-->src/main/AndroidManifest.xml:10:22-77
16    <uses-permission
16-->src/main/AndroidManifest.xml:11:5-13:38
17        android:name="android.permission.WRITE_EXTERNAL_STORAGE"
17-->src/main/AndroidManifest.xml:12:9-65
18        android:maxSdkVersion="28" />
18-->src/main/AndroidManifest.xml:13:9-35
19    <uses-permission android:name="android.permission.CAMERA" />
19-->src/main/AndroidManifest.xml:14:5-65
19-->src/main/AndroidManifest.xml:14:22-62
20    <uses-permission android:name="android.permission.RECORD_AUDIO" />
20-->src/main/AndroidManifest.xml:15:5-71
20-->src/main/AndroidManifest.xml:15:22-68
21    <uses-permission android:name="android.permission.MODIFY_AUDIO_SETTINGS" />
21-->src/main/AndroidManifest.xml:16:5-80
21-->src/main/AndroidManifest.xml:16:22-77
22    <uses-permission android:name="android.permission.WAKE_LOCK" />
22-->src/main/AndroidManifest.xml:17:5-68
22-->src/main/AndroidManifest.xml:17:22-65
23    <uses-permission android:name="android.permission.ACCESS_COARSE_LOCATION" />
23-->src/main/AndroidManifest.xml:18:5-81
23-->src/main/AndroidManifest.xml:18:22-78
24    <uses-permission android:name="android.permission.ACCESS_FINE_LOCATION" />
24-->src/main/AndroidManifest.xml:19:5-79
24-->src/main/AndroidManifest.xml:19:22-76
25    <uses-permission android:name="android.permission.RECEIVE_BOOT_COMPLETED" />
25-->src/main/AndroidManifest.xml:20:5-81
25-->src/main/AndroidManifest.xml:20:22-78
26    <uses-permission android:name="android.permission.READ_PHONE_STATE" />
26-->src/main/AndroidManifest.xml:21:5-75
26-->src/main/AndroidManifest.xml:21:22-72
27    <uses-permission android:name="com.google.android.c2dm.permission.RECEIVE" />
27-->src/main/AndroidManifest.xml:22:5-82
27-->src/main/AndroidManifest.xml:22:22-79
28    <uses-permission android:name="android.permission.FOREGROUND_SERVICE" />
28-->src/main/AndroidManifest.xml:23:5-77
28-->src/main/AndroidManifest.xml:23:22-74
29    <uses-permission android:name="android.permission.USE_FULL_SCREEN_INTENT" />
29-->src/main/AndroidManifest.xml:24:5-81
29-->src/main/AndroidManifest.xml:24:22-78
30
31    <uses-feature
31-->src/main/AndroidManifest.xml:26:5-28:36
32        android:name="android.hardware.location.network"
32-->src/main/AndroidManifest.xml:27:9-57
33        android:required="false" />
33-->src/main/AndroidManifest.xml:28:9-33
34    <uses-feature
34-->src/main/AndroidManifest.xml:29:5-31:36
35        android:name="android.hardware.location.gps"
35-->src/main/AndroidManifest.xml:30:9-53
36        android:required="false" />
36-->src/main/AndroidManifest.xml:31:9-33
37
38    <queries>
38-->[com.github.CanHub:Android-Image-Cropper:2.1.1] AndroidManifest.xml:11:5-22:15
39        <intent>
39-->[com.github.CanHub:Android-Image-Cropper:2.1.1] AndroidManifest.xml:12:9-18:18
40            <action android:name="android.intent.action.GET_CONTENT" />
40-->[com.github.CanHub:Android-Image-Cropper:2.1.1] AndroidManifest.xml:13:13-72
40-->[com.github.CanHub:Android-Image-Cropper:2.1.1] AndroidManifest.xml:13:21-69
41
42            <category android:name="android.intent.category.OPENABLE" />
42-->[com.github.CanHub:Android-Image-Cropper:2.1.1] AndroidManifest.xml:15:13-73
42-->[com.github.CanHub:Android-Image-Cropper:2.1.1] AndroidManifest.xml:15:23-70
43
44            <data android:mimeType="*/*" />
44-->src/main/AndroidManifest.xml:151:17-55
44-->src/main/AndroidManifest.xml:151:23-52
45        </intent>
46        <intent>
46-->[com.github.CanHub:Android-Image-Cropper:2.1.1] AndroidManifest.xml:19:9-21:18
47            <action android:name="android.media.action.IMAGE_CAPTURE" />
47-->[com.github.CanHub:Android-Image-Cropper:2.1.1] AndroidManifest.xml:20:13-73
47-->[com.github.CanHub:Android-Image-Cropper:2.1.1] AndroidManifest.xml:20:21-70
48        </intent>
49        <!-- For browser content -->
50        <intent>
50-->[com.google.android.gms:play-services-ads-lite:19.7.0] AndroidManifest.xml:30:9-36:18
51            <action android:name="android.intent.action.VIEW" />
51-->src/main/AndroidManifest.xml:261:17-69
51-->src/main/AndroidManifest.xml:261:25-66
52
53            <category android:name="android.intent.category.BROWSABLE" />
53-->src/main/AndroidManifest.xml:264:17-78
53-->src/main/AndroidManifest.xml:264:27-75
54
55            <data android:scheme="https" />
55-->src/main/AndroidManifest.xml:151:17-55
55-->src/main/AndroidManifest.xml:269:21-42
56        </intent> <!-- End of browser content -->
57        <!-- For CustomTabsService -->
58        <intent>
58-->[com.google.android.gms:play-services-ads-lite:19.7.0] AndroidManifest.xml:39:9-41:18
59            <action android:name="android.support.customtabs.action.CustomTabsService" />
59-->[com.google.android.gms:play-services-ads-lite:19.7.0] AndroidManifest.xml:40:13-90
59-->[com.google.android.gms:play-services-ads-lite:19.7.0] AndroidManifest.xml:40:21-87
60        </intent>
61    </queries>
62
63    <uses-permission android:name="android.permission.USE_BIOMETRIC" /> <!-- suppress DeprecatedClassUsageInspection -->
63-->[androidx.biometric:biometric:1.1.0] AndroidManifest.xml:24:5-72
63-->[androidx.biometric:biometric:1.1.0] AndroidManifest.xml:24:22-69
64    <uses-permission android:name="android.permission.USE_FINGERPRINT" />
64-->[androidx.biometric:biometric:1.1.0] AndroidManifest.xml:27:5-74
64-->[androidx.biometric:biometric:1.1.0] AndroidManifest.xml:27:22-71
65
66    <uses-feature
66-->[com.google.android.gms:play-services-maps:17.0.0] AndroidManifest.xml:26:5-28:35
67        android:glEsVersion="0x00020000"
67-->[com.google.android.gms:play-services-maps:17.0.0] AndroidManifest.xml:27:9-41
68        android:required="true" /> <!-- for android -->
68-->[com.google.android.gms:play-services-maps:17.0.0] AndroidManifest.xml:28:9-32
69    <!-- <uses-permission android:name="com.android.launcher.permission.READ_SETTINGS"/> -->
70    <!-- <uses-permission android:name="com.android.launcher.permission.WRITE_SETTINGS"/> -->
71    <!-- <uses-permission android:name="com.android.launcher.permission.INSTALL_SHORTCUT" /> -->
72    <!-- <uses-permission android:name="com.android.launcher.permission.UNINSTALL_SHORTCUT" /> -->
73    <!-- for Samsung -->
74    <uses-permission android:name="com.sec.android.provider.badge.permission.READ" />
74-->[me.leolin:ShortcutBadger:1.1.22] AndroidManifest.xml:19:5-86
74-->[me.leolin:ShortcutBadger:1.1.22] AndroidManifest.xml:19:22-83
75    <uses-permission android:name="com.sec.android.provider.badge.permission.WRITE" /> <!-- for htc -->
75-->[me.leolin:ShortcutBadger:1.1.22] AndroidManifest.xml:20:5-87
75-->[me.leolin:ShortcutBadger:1.1.22] AndroidManifest.xml:20:22-84
76    <uses-permission android:name="com.htc.launcher.permission.READ_SETTINGS" />
76-->[me.leolin:ShortcutBadger:1.1.22] AndroidManifest.xml:23:5-81
76-->[me.leolin:ShortcutBadger:1.1.22] AndroidManifest.xml:23:22-78
77    <uses-permission android:name="com.htc.launcher.permission.UPDATE_SHORTCUT" /> <!-- for sony -->
77-->[me.leolin:ShortcutBadger:1.1.22] AndroidManifest.xml:24:5-83
77-->[me.leolin:ShortcutBadger:1.1.22] AndroidManifest.xml:24:22-80
78    <uses-permission android:name="com.sonyericsson.home.permission.BROADCAST_BADGE" />
78-->[me.leolin:ShortcutBadger:1.1.22] AndroidManifest.xml:27:5-88
78-->[me.leolin:ShortcutBadger:1.1.22] AndroidManifest.xml:27:22-85
79    <uses-permission android:name="com.sonymobile.home.permission.PROVIDER_INSERT_BADGE" /> <!-- for apex -->
79-->[me.leolin:ShortcutBadger:1.1.22] AndroidManifest.xml:28:5-92
79-->[me.leolin:ShortcutBadger:1.1.22] AndroidManifest.xml:28:22-89
80    <uses-permission android:name="com.anddoes.launcher.permission.UPDATE_COUNT" /> <!-- for solid -->
80-->[me.leolin:ShortcutBadger:1.1.22] AndroidManifest.xml:31:5-84
80-->[me.leolin:ShortcutBadger:1.1.22] AndroidManifest.xml:31:22-81
81    <uses-permission android:name="com.majeur.launcher.permission.UPDATE_BADGE" /> <!-- for huawei -->
81-->[me.leolin:ShortcutBadger:1.1.22] AndroidManifest.xml:34:5-83
81-->[me.leolin:ShortcutBadger:1.1.22] AndroidManifest.xml:34:22-80
82    <uses-permission android:name="com.huawei.android.launcher.permission.CHANGE_BADGE" />
82-->[me.leolin:ShortcutBadger:1.1.22] AndroidManifest.xml:37:5-91
82-->[me.leolin:ShortcutBadger:1.1.22] AndroidManifest.xml:37:22-88
83    <uses-permission android:name="com.huawei.android.launcher.permission.READ_SETTINGS" />
83-->[me.leolin:ShortcutBadger:1.1.22] AndroidManifest.xml:38:5-92
83-->[me.leolin:ShortcutBadger:1.1.22] AndroidManifest.xml:38:22-89
84    <uses-permission android:name="com.huawei.android.launcher.permission.WRITE_SETTINGS" /> <!-- for ZUK -->
84-->[me.leolin:ShortcutBadger:1.1.22] AndroidManifest.xml:39:5-93
84-->[me.leolin:ShortcutBadger:1.1.22] AndroidManifest.xml:39:22-90
85    <uses-permission android:name="android.permission.READ_APP_BADGE" /> <!-- for OPPO -->
85-->[me.leolin:ShortcutBadger:1.1.22] AndroidManifest.xml:42:5-73
85-->[me.leolin:ShortcutBadger:1.1.22] AndroidManifest.xml:42:22-70
86    <uses-permission android:name="com.oppo.launcher.permission.READ_SETTINGS" />
86-->[me.leolin:ShortcutBadger:1.1.22] AndroidManifest.xml:45:5-82
86-->[me.leolin:ShortcutBadger:1.1.22] AndroidManifest.xml:45:22-79
87    <uses-permission android:name="com.oppo.launcher.permission.WRITE_SETTINGS" /> <!-- for EvMe -->
87-->[me.leolin:ShortcutBadger:1.1.22] AndroidManifest.xml:46:5-83
87-->[me.leolin:ShortcutBadger:1.1.22] AndroidManifest.xml:46:22-80
88    <uses-permission android:name="me.everything.badger.permission.BADGE_COUNT_READ" />
88-->[me.leolin:ShortcutBadger:1.1.22] AndroidManifest.xml:49:5-88
88-->[me.leolin:ShortcutBadger:1.1.22] AndroidManifest.xml:49:22-85
89    <uses-permission android:name="me.everything.badger.permission.BADGE_COUNT_WRITE" />
89-->[me.leolin:ShortcutBadger:1.1.22] AndroidManifest.xml:50:5-89
89-->[me.leolin:ShortcutBadger:1.1.22] AndroidManifest.xml:50:22-86
90    <uses-permission android:name="com.google.android.finsky.permission.BIND_GET_INSTALL_REFERRER_SERVICE" />
90-->[com.google.android.gms:play-services-measurement:18.0.2] AndroidManifest.xml:26:5-110
90-->[com.google.android.gms:play-services-measurement:18.0.2] AndroidManifest.xml:26:22-107
91
92    <application
92-->src/main/AndroidManifest.xml:33:5-346:19
93        android:name="com.devlomi.fireapp.utils.MyApp"
93-->src/main/AndroidManifest.xml:34:9-36
94        android:allowBackup="false"
94-->src/main/AndroidManifest.xml:35:9-36
95        android:appComponentFactory="androidx.core.app.CoreComponentFactory"
95-->[androidx.core:core:1.5.0-beta01] AndroidManifest.xml:24:18-86
96        android:debuggable="true"
97        android:icon="@mipmap/ic_launcher"
97-->src/main/AndroidManifest.xml:36:9-43
98        android:label="@string/app_name"
98-->src/main/AndroidManifest.xml:37:9-41
99        android:roundIcon="@mipmap/ic_launcher_round"
99-->src/main/AndroidManifest.xml:38:9-54
100        android:supportsRtl="false"
100-->src/main/AndroidManifest.xml:39:9-36
101        android:testOnly="true"
102        android:theme="@style/SplashScreenTheme" >
102-->src/main/AndroidManifest.xml:40:9-49
103        <service
103-->src/main/AndroidManifest.xml:43:9-46:40
104            android:name="com.devlomi.fireapp.services.CompleteSetupService"
104-->src/main/AndroidManifest.xml:44:13-58
105            android:enabled="true"
105-->src/main/AndroidManifest.xml:45:13-35
106            android:exported="false" />
106-->src/main/AndroidManifest.xml:46:13-37
107        <service
107-->src/main/AndroidManifest.xml:47:9-50:40
108            android:name="com.devlomi.fireapp.services.BackupService"
108-->src/main/AndroidManifest.xml:48:13-51
109            android:enabled="true"
109-->src/main/AndroidManifest.xml:49:13-35
110            android:exported="false" />
110-->src/main/AndroidManifest.xml:50:13-37
111
112        <uses-library
112-->src/main/AndroidManifest.xml:52:9-54:40
113            android:name="org.apache.http.legacy"
113-->src/main/AndroidManifest.xml:53:13-50
114            android:required="false" />
114-->src/main/AndroidManifest.xml:54:13-37
115
116        <!-- ACTIVITIES -->
117        <activity
117-->src/main/AndroidManifest.xml:57:9-61:47
118            android:name="com.devlomi.fireapp.activities.setup.EnterUsernameActivity"
118-->src/main/AndroidManifest.xml:58:13-67
119            android:screenOrientation="portrait"
119-->src/main/AndroidManifest.xml:59:13-49
120            android:theme="@style/AppTheme"
120-->src/main/AndroidManifest.xml:61:13-44
121            android:windowSoftInputMode="adjustResize" />
121-->src/main/AndroidManifest.xml:60:13-55
122        <activity
122-->src/main/AndroidManifest.xml:63:9-65:52
123            android:name="com.devlomi.fireapp.activities.LoggedOutActivity"
123-->src/main/AndroidManifest.xml:64:13-57
124            android:screenOrientation="portrait" />
124-->src/main/AndroidManifest.xml:65:13-49
125        <activity
125-->src/main/AndroidManifest.xml:66:9-68:52
126            android:name="com.devlomi.fireapp.activities.SaveE2EActivity"
126-->src/main/AndroidManifest.xml:67:13-55
127            android:screenOrientation="portrait" />
127-->src/main/AndroidManifest.xml:68:13-49
128        <activity
128-->src/main/AndroidManifest.xml:69:9-73:54
129            android:name="com.devlomi.fireapp.activities.LockscreenActivity"
129-->src/main/AndroidManifest.xml:70:13-58
130            android:launchMode="singleTask"
130-->src/main/AndroidManifest.xml:71:13-44
131            android:screenOrientation="portrait"
131-->src/main/AndroidManifest.xml:72:13-49
132            android:theme="@style/FullscreenTheme" />
132-->src/main/AndroidManifest.xml:73:13-51
133        <activity
133-->src/main/AndroidManifest.xml:74:9-79:71
134            android:name="com.devlomi.fireapp.activities.authentication.AuthenticationActivity"
134-->src/main/AndroidManifest.xml:75:13-77
135            android:exported="true"
135-->src/main/AndroidManifest.xml:76:13-36
136            android:screenOrientation="portrait"
136-->src/main/AndroidManifest.xml:77:13-49
137            android:theme="@style/AppTheme.NoActionBar"
137-->src/main/AndroidManifest.xml:78:13-56
138            android:windowSoftInputMode="stateVisible|adjustResize" />
138-->src/main/AndroidManifest.xml:79:13-68
139        <activity
139-->src/main/AndroidManifest.xml:80:9-83:59
140            android:name="com.devlomi.fireapp.activities.UpdateActivity"
140-->src/main/AndroidManifest.xml:81:13-54
141            android:screenOrientation="portrait"
141-->src/main/AndroidManifest.xml:82:13-49
142            android:theme="@style/AppTheme.NoActionBar" />
142-->src/main/AndroidManifest.xml:83:13-56
143        <activity
143-->src/main/AndroidManifest.xml:84:9-88:71
144            android:name="com.devlomi.fireapp.activities.TextStatusActivity"
144-->src/main/AndroidManifest.xml:85:13-58
145            android:screenOrientation="portrait"
145-->src/main/AndroidManifest.xml:86:13-49
146            android:theme="@style/AppTheme.Translucent"
146-->src/main/AndroidManifest.xml:87:13-56
147            android:windowSoftInputMode="stateVisible|adjustResize" />
147-->src/main/AndroidManifest.xml:88:13-68
148        <activity
148-->src/main/AndroidManifest.xml:89:9-93:59
149            android:name="com.devlomi.fireapp.activities.main.MainActivity"
149-->src/main/AndroidManifest.xml:90:13-57
150            android:launchMode="singleTop"
150-->src/main/AndroidManifest.xml:91:13-43
151            android:screenOrientation="portrait"
151-->src/main/AndroidManifest.xml:92:13-49
152            android:theme="@style/AppTheme.NoActionBar" />
152-->src/main/AndroidManifest.xml:93:13-56
153        <activity
153-->src/main/AndroidManifest.xml:94:9-97:47
154            android:name="com.devlomi.fireapp.activities.ShareGroupLinkActivity"
154-->src/main/AndroidManifest.xml:95:13-62
155            android:screenOrientation="portrait"
155-->src/main/AndroidManifest.xml:96:13-49
156            android:theme="@style/AppTheme" />
156-->src/main/AndroidManifest.xml:97:13-44
157        <activity
157-->src/main/AndroidManifest.xml:98:9-106:20
158            android:name="com.devlomi.fireapp.activities.SplashActivity"
158-->src/main/AndroidManifest.xml:99:13-54
159            android:screenOrientation="portrait" >
159-->src/main/AndroidManifest.xml:100:13-49
160            <intent-filter>
160-->src/main/AndroidManifest.xml:101:13-105:29
161                <action android:name="android.intent.action.MAIN" />
161-->src/main/AndroidManifest.xml:102:17-69
161-->src/main/AndroidManifest.xml:102:25-66
162
163                <category android:name="android.intent.category.LAUNCHER" />
163-->src/main/AndroidManifest.xml:104:17-77
163-->src/main/AndroidManifest.xml:104:27-74
164            </intent-filter>
165        </activity>
166        <activity
166-->src/main/AndroidManifest.xml:107:9-110:59
167            android:name="com.devlomi.fireapp.activities.NewChatActivity"
167-->src/main/AndroidManifest.xml:108:13-55
168            android:screenOrientation="portrait"
168-->src/main/AndroidManifest.xml:109:13-49
169            android:theme="@style/AppTheme.NoActionBar" />
169-->src/main/AndroidManifest.xml:110:13-56
170        <activity
170-->src/main/AndroidManifest.xml:111:9-116:59
171            android:name="com.devlomi.fireapp.activities.main.messaging.ChatActivity"
171-->src/main/AndroidManifest.xml:112:13-67
172            android:label=""
172-->src/main/AndroidManifest.xml:113:13-29
173            android:parentActivityName="com.devlomi.fireapp.activities.main.MainActivity"
173-->src/main/AndroidManifest.xml:114:13-71
174            android:screenOrientation="portrait"
174-->src/main/AndroidManifest.xml:115:13-49
175            android:theme="@style/AppTheme.NoActionBar" />
175-->src/main/AndroidManifest.xml:116:13-56
176        <activity
176-->src/main/AndroidManifest.xml:117:9-121:54
177            android:name="com.devlomi.fireapp.activities.FullscreenActivity"
177-->src/main/AndroidManifest.xml:118:13-58
178            android:label=""
178-->src/main/AndroidManifest.xml:119:13-29
179            android:screenOrientation="portrait"
179-->src/main/AndroidManifest.xml:120:13-49
180            android:theme="@style/FullScreenTheme" />
180-->src/main/AndroidManifest.xml:121:13-51
181        <activity
181-->src/main/AndroidManifest.xml:122:9-124:47
182            android:name="com.canhub.cropper.CropImageActivity"
182-->src/main/AndroidManifest.xml:123:13-64
183            android:theme="@style/AppTheme" />
183-->src/main/AndroidManifest.xml:124:13-44
184        <activity
184-->src/main/AndroidManifest.xml:125:9-128:59
185            android:name="com.devlomi.fireapp.activities.AgreePrivacyPolicyActivity"
185-->src/main/AndroidManifest.xml:126:13-66
186            android:exported="true"
186-->src/main/AndroidManifest.xml:127:13-36
187            android:theme="@style/AppTheme.NoActionBar" />
187-->src/main/AndroidManifest.xml:128:13-56
188        <activity
188-->src/main/AndroidManifest.xml:129:9-132:59
189            android:name="com.devlomi.fireapp.activities.CameraActivity"
189-->src/main/AndroidManifest.xml:130:13-54
190            android:screenOrientation="portrait"
190-->src/main/AndroidManifest.xml:131:13-49
191            android:theme="@style/AppTheme.NoActionBar" />
191-->src/main/AndroidManifest.xml:132:13-56
192        <activity
192-->src/main/AndroidManifest.xml:133:9-135:50
193            android:name="com.devlomi.fireapp.activities.ProfilePhotoDialog"
193-->src/main/AndroidManifest.xml:134:13-58
194            android:theme="@style/DialogTheme" />
194-->src/main/AndroidManifest.xml:135:13-47
195        <activity
195-->src/main/AndroidManifest.xml:136:9-200:20
196            android:name="com.devlomi.fireapp.activities.ForwardActivity"
196-->src/main/AndroidManifest.xml:137:13-55
197            android:launchMode="singleTop"
197-->src/main/AndroidManifest.xml:138:13-43
198            android:screenOrientation="portrait"
198-->src/main/AndroidManifest.xml:139:13-49
199            android:theme="@style/AppTheme.NoActionBar" >
199-->src/main/AndroidManifest.xml:140:13-56
200
201            <!-- these intent filters to receive data from other apps including images,videos,audio,contacts -->
202
203
204            <!-- receive text -->
205            <intent-filter>
205-->src/main/AndroidManifest.xml:146:13-152:29
206                <action android:name="android.intent.action.SEND" />
206-->src/main/AndroidManifest.xml:147:17-69
206-->src/main/AndroidManifest.xml:147:25-66
207
208                <category android:name="android.intent.category.DEFAULT" />
208-->src/main/AndroidManifest.xml:149:17-76
208-->src/main/AndroidManifest.xml:149:27-73
209
210                <data android:mimeType="text/plain" />
210-->src/main/AndroidManifest.xml:151:17-55
210-->src/main/AndroidManifest.xml:151:23-52
211            </intent-filter>
212
213            <!-- receive one image -->
214            <intent-filter>
214-->src/main/AndroidManifest.xml:155:13-161:29
215                <action android:name="android.intent.action.SEND" />
215-->src/main/AndroidManifest.xml:147:17-69
215-->src/main/AndroidManifest.xml:147:25-66
216
217                <category android:name="android.intent.category.DEFAULT" />
217-->src/main/AndroidManifest.xml:149:17-76
217-->src/main/AndroidManifest.xml:149:27-73
218
219                <data android:mimeType="image/*" />
219-->src/main/AndroidManifest.xml:151:17-55
219-->src/main/AndroidManifest.xml:151:23-52
220            </intent-filter>
221
222            <!-- receive multiple images -->
223
224            <intent-filter>
224-->src/main/AndroidManifest.xml:165:13-171:29
225                <action android:name="android.intent.action.SEND_MULTIPLE" />
225-->src/main/AndroidManifest.xml:166:17-78
225-->src/main/AndroidManifest.xml:166:25-75
226
227                <category android:name="android.intent.category.DEFAULT" />
227-->src/main/AndroidManifest.xml:149:17-76
227-->src/main/AndroidManifest.xml:149:27-73
228
229                <data android:mimeType="image/*" />
229-->src/main/AndroidManifest.xml:151:17-55
229-->src/main/AndroidManifest.xml:151:23-52
230            </intent-filter>
231
232            <!-- receive one video only -->
233
234            <intent-filter>
234-->src/main/AndroidManifest.xml:175:13-181:29
235                <action android:name="android.intent.action.SEND" />
235-->src/main/AndroidManifest.xml:147:17-69
235-->src/main/AndroidManifest.xml:147:25-66
236
237                <category android:name="android.intent.category.DEFAULT" />
237-->src/main/AndroidManifest.xml:149:17-76
237-->src/main/AndroidManifest.xml:149:27-73
238
239                <data android:mimeType="video/*" />
239-->src/main/AndroidManifest.xml:151:17-55
239-->src/main/AndroidManifest.xml:151:23-52
240            </intent-filter>
241
242            <!-- receive one audio -->
243            <intent-filter>
243-->src/main/AndroidManifest.xml:184:13-190:29
244                <action android:name="android.intent.action.SEND" />
244-->src/main/AndroidManifest.xml:147:17-69
244-->src/main/AndroidManifest.xml:147:25-66
245
246                <category android:name="android.intent.category.DEFAULT" />
246-->src/main/AndroidManifest.xml:149:17-76
246-->src/main/AndroidManifest.xml:149:27-73
247
248                <data android:mimeType="audio/*" />
248-->src/main/AndroidManifest.xml:151:17-55
248-->src/main/AndroidManifest.xml:151:23-52
249            </intent-filter>
250
251            <!-- receive contacts -->
252            <intent-filter>
252-->src/main/AndroidManifest.xml:193:13-199:29
253                <action android:name="android.intent.action.SEND" />
253-->src/main/AndroidManifest.xml:147:17-69
253-->src/main/AndroidManifest.xml:147:25-66
254
255                <category android:name="android.intent.category.DEFAULT" />
255-->src/main/AndroidManifest.xml:149:17-76
255-->src/main/AndroidManifest.xml:149:27-73
256
257                <data android:mimeType="text/x-vcard" />
257-->src/main/AndroidManifest.xml:151:17-55
257-->src/main/AndroidManifest.xml:151:23-52
258            </intent-filter>
259        </activity>
260        <activity
260-->src/main/AndroidManifest.xml:201:9-204:59
261            android:name="com.devlomi.fireapp.activities.UserDetailsActivity"
261-->src/main/AndroidManifest.xml:202:13-59
262            android:screenOrientation="portrait"
262-->src/main/AndroidManifest.xml:203:13-49
263            android:theme="@style/AppTheme.NoActionBar" />
263-->src/main/AndroidManifest.xml:204:13-56
264        <activity
264-->src/main/AndroidManifest.xml:205:9-208:59
265            android:name="com.devlomi.fireapp.activities.MediaGalleryActivity"
265-->src/main/AndroidManifest.xml:206:13-60
266            android:screenOrientation="portrait"
266-->src/main/AndroidManifest.xml:207:13-49
267            android:theme="@style/AppTheme.NoActionBar" />
267-->src/main/AndroidManifest.xml:208:13-56
268        <activity
268-->src/main/AndroidManifest.xml:209:9-212:47
269            android:name="com.devlomi.fireapp.activities.SelectContactNumbersActivity"
269-->src/main/AndroidManifest.xml:210:13-68
270            android:screenOrientation="portrait"
270-->src/main/AndroidManifest.xml:211:13-49
271            android:theme="@style/AppTheme" />
271-->src/main/AndroidManifest.xml:212:13-44
272        <activity
272-->src/main/AndroidManifest.xml:213:9-216:47
273            android:name="com.devlomi.fireapp.activities.ContactDetailsActivity"
273-->src/main/AndroidManifest.xml:214:13-62
274            android:screenOrientation="portrait"
274-->src/main/AndroidManifest.xml:215:13-49
275            android:theme="@style/AppTheme" />
275-->src/main/AndroidManifest.xml:216:13-44
276        <activity
276-->src/main/AndroidManifest.xml:217:9-222:52
277            android:name="com.devlomi.fireapp.activities.settings.SettingsActivity"
277-->src/main/AndroidManifest.xml:218:13-65
278            android:exported="true"
278-->src/main/AndroidManifest.xml:219:13-36
279            android:label="@string/title_activity_settings"
279-->src/main/AndroidManifest.xml:220:13-60
280            android:screenOrientation="portrait"
280-->src/main/AndroidManifest.xml:221:13-49
281            android:theme="@style/SettingsTheme" />
281-->src/main/AndroidManifest.xml:222:13-49
282        <activity
282-->src/main/AndroidManifest.xml:223:9-226:54
283            android:name="com.devlomi.fireapp.activities.ProfilePhotoActivity"
283-->src/main/AndroidManifest.xml:224:13-60
284            android:screenOrientation="portrait"
284-->src/main/AndroidManifest.xml:225:13-49
285            android:theme="@style/FullScreenTheme" />
285-->src/main/AndroidManifest.xml:226:13-51
286        <activity
286-->src/main/AndroidManifest.xml:227:9-230:59
287            android:name="com.devlomi.fireapp.activities.setup.SetupUserActivity"
287-->src/main/AndroidManifest.xml:228:13-63
288            android:screenOrientation="portrait"
288-->src/main/AndroidManifest.xml:229:13-49
289            android:theme="@style/AppTheme.NoActionBar" />
289-->src/main/AndroidManifest.xml:230:13-56
290        <activity
290-->src/main/AndroidManifest.xml:231:9-233:59
291            android:name="com.devlomi.fireapp.activities.NewGroupActivity"
291-->src/main/AndroidManifest.xml:232:13-56
292            android:theme="@style/AppTheme.NoActionBar" />
292-->src/main/AndroidManifest.xml:233:13-56
293        <activity
293-->src/main/AndroidManifest.xml:234:9-238:59
294            android:name="com.devlomi.fireapp.activities.ViewStatusActivity"
294-->src/main/AndroidManifest.xml:235:13-58
295            android:screenOrientation="portrait"
295-->src/main/AndroidManifest.xml:236:13-49
296            android:theme="@style/FullscreenTheme"
296-->src/main/AndroidManifest.xml:237:13-51
297            android:windowSoftInputMode="adjustNothing" />
297-->src/main/AndroidManifest.xml:238:13-56
298        <activity
298-->src/main/AndroidManifest.xml:239:9-247:20
299            android:name="com.devlomi.fireapp.activities.MyStatusActivity"
299-->src/main/AndroidManifest.xml:240:13-56
300            android:label="@string/title_activity_my_status"
300-->src/main/AndroidManifest.xml:241:13-61
301            android:parentActivityName="com.devlomi.fireapp.activities.main.MainActivity"
301-->src/main/AndroidManifest.xml:242:13-71
302            android:theme="@style/AppTheme.NoActionBar" >
302-->src/main/AndroidManifest.xml:243:13-56
303            <meta-data
303-->src/main/AndroidManifest.xml:244:13-246:84
304                android:name="android.support.PARENT_ACTIVITY"
304-->src/main/AndroidManifest.xml:245:17-63
305                android:value="com.devlomi.fireapp.activities.main.MainActivity" />
305-->src/main/AndroidManifest.xml:246:17-81
306        </activity>
307        <activity